<?xml version="1.0" encoding="utf-8"?><testsuites name="pytest tests"><testsuite name="pytest" errors="0" failures="1" skipped="0" tests="15" time="4.366" timestamp="2026-06-25T05:34:33.081805+00:00" hostname="agent-env-2c85830c-7d39-4b1b-a189-707558003bc2"><testcase classname="backend.tests.test_aerovista" name="test_airports_returns_200_plus" time="0.224"><failure message="AssertionError: Expected &gt;=200 airports, got 194&#10;assert 194 &gt;= 200&#10; +  where 194 = len([{'iata': 'DEL', 'city': 'Delhi', 'name': 'Indira Gandhi Intl', 'country': 'India'}, {'iata': 'BOM', 'city': 'Mumbai', 'name': 'Chhatrapati Shivaji Maharaj Intl', 'country': 'India'}, {'iata': 'BLR', 'city': 'Bengaluru', 'name': 'Kempegowda Intl', 'country': 'India'}, {'iata': 'MAA', 'city': 'Chennai', 'name': 'Chennai Intl', 'country': 'India'}, {'iata': 'CCU', 'city': 'Kolkata', 'name': 'Netaji Subhas Chandra Bose Intl', 'country': 'India'}, {'iata': 'HYD', 'city': 'Hyderabad', 'name': 'Rajiv Gandhi Intl', 'country': 'India'}, ...])">backend/tests/test_aerovista.py:59: in test_airports_returns_200_plus
    assert len(data) &gt;= 200, f"Expected &gt;=200 airports, got {len(data)}"
E   AssertionError: Expected &gt;=200 airports, got 194
E   assert 194 &gt;= 200
E    +  where 194 = len([{'iata': 'DEL', 'city': 'Delhi', 'name': 'Indira Gandhi Intl', 'country': 'India'}, {'iata': 'BOM', 'city': 'Mumbai', 'name': 'Chhatrapati Shivaji Maharaj Intl', 'country': 'India'}, {'iata': 'BLR', 'city': 'Bengaluru', 'name': 'Kempegowda Intl', 'country': 'India'}, {'iata': 'MAA', 'city': 'Chennai', 'name': 'Chennai Intl', 'country': 'India'}, {'iata': 'CCU', 'city': 'Kolkata', 'name': 'Netaji Subhas Chandra Bose Intl', 'country': 'India'}, {'iata': 'HYD', 'city': 'Hyderabad', 'name': 'Rajiv Gandhi Intl', 'country': 'India'}, ...])</failure></testcase><testcase classname="backend.tests.test_aerovista" name="test_airports_search_dubai" time="0.097" /><testcase classname="backend.tests.test_aerovista" name="test_admin_seed_idempotent" time="0.097" /><testcase classname="backend.tests.test_aerovista" name="test_stats" time="0.096" /><testcase classname="backend.tests.test_aerovista" name="test_register_login_me" time="0.780" /><testcase classname="backend.tests.test_aerovista" name="test_flight_search_returns_outbound_with_price" time="0.096" /><testcase classname="backend.tests.test_aerovista" name="test_flight_detail_has_seatmap" time="0.096" /><testcase classname="backend.tests.test_aerovista" name="test_booking_created" time="0.265" /><testcase classname="backend.tests.test_aerovista" name="test_pay_booking_and_pdfs" time="0.690" /><testcase classname="backend.tests.test_aerovista" name="test_track_with_pnr" time="0.106" /><testcase classname="backend.tests.test_aerovista" name="test_refund_flow" time="0.191" /><testcase classname="backend.tests.test_aerovista" name="test_admin_dashboard" time="0.452" /><testcase classname="backend.tests.test_aerovista" name="test_admin_email_logs" time="0.103" /><testcase classname="backend.tests.test_aerovista" name="test_pilot_flights" time="0.421" /><testcase classname="backend.tests.test_aerovista" name="test_crew_flights_and_manifest" time="0.535" /></testsuite></testsuites>