<?xml version="1.0" encoding="utf-8"?><testsuites name="pytest tests"><testsuite name="pytest" errors="0" failures="0" skipped="0" tests="21" time="5.203" timestamp="2026-06-29T10:00:46.300324+00:00" hostname="agent-env-2c85830c-7d39-4b1b-a189-707558003bc2"><testcase classname="backend.tests.test_auth_phone_login" name="test_email_login_works[admin-admin@aerovista.com-Admin@123-+91 9000000001-9000000001-/admin]" time="0.530" /><testcase classname="backend.tests.test_auth_phone_login" name="test_email_login_works[pilot-pilot@aerovista.com-Pilot@123-+91 9000000002-9000000002-/pilot]" time="0.268" /><testcase classname="backend.tests.test_auth_phone_login" name="test_email_login_works[crew-crew@aerovista.com-Crew@123-+91 9000000003-9000000003-/crew]" time="0.268" /><testcase classname="backend.tests.test_auth_phone_login" name="test_email_login_works[customer-customer@aerovista.com-Customer@123-+91 9000000004-9000000004-/account]" time="0.269" /><testcase classname="backend.tests.test_auth_phone_login" name="test_mobile_login_exact[admin-admin@aerovista.com-Admin@123-+91 9000000001-9000000001-/admin]" time="0.266" /><testcase classname="backend.tests.test_auth_phone_login" name="test_mobile_login_exact[pilot-pilot@aerovista.com-Pilot@123-+91 9000000002-9000000002-/pilot]" time="0.266" /><testcase classname="backend.tests.test_auth_phone_login" name="test_mobile_login_exact[crew-crew@aerovista.com-Crew@123-+91 9000000003-9000000003-/crew]" time="0.270" /><testcase classname="backend.tests.test_auth_phone_login" name="test_mobile_login_exact[customer-customer@aerovista.com-Customer@123-+91 9000000004-9000000004-/account]" time="0.270" /><testcase classname="backend.tests.test_auth_phone_login" name="test_mobile_login_digits_only[admin-admin@aerovista.com-Admin@123-+91 9000000001-9000000001-/admin]" time="0.269" /><testcase classname="backend.tests.test_auth_phone_login" name="test_mobile_login_digits_only[pilot-pilot@aerovista.com-Pilot@123-+91 9000000002-9000000002-/pilot]" time="0.272" /><testcase classname="backend.tests.test_auth_phone_login" name="test_mobile_login_digits_only[crew-crew@aerovista.com-Crew@123-+91 9000000003-9000000003-/crew]" time="0.269" /><testcase classname="backend.tests.test_auth_phone_login" name="test_mobile_login_digits_only[customer-customer@aerovista.com-Customer@123-+91 9000000004-9000000004-/account]" time="0.267" /><testcase classname="backend.tests.test_auth_phone_login" name="test_invalid_mobile_too_short" time="0.046" /><testcase classname="backend.tests.test_auth_phone_login" name="test_wrong_password_email" time="0.269" /><testcase classname="backend.tests.test_auth_phone_login" name="test_wrong_password_mobile" time="0.276" /><testcase classname="backend.tests.test_auth_phone_login" name="test_nonexistent_email" time="0.045" /><testcase classname="backend.tests.test_auth_phone_login" name="test_nonexistent_mobile" time="0.045" /><testcase classname="backend.tests.test_auth_phone_login" name="test_empty_identifier" time="0.042" /><testcase classname="backend.tests.test_auth_phone_login" name="test_me_with_email_login_token" time="0.320" /><testcase classname="backend.tests.test_auth_phone_login" name="test_me_with_mobile_login_token" time="0.315" /><testcase classname="backend.tests.test_auth_phone_login" name="test_mobile_login_with_spaces_and_plus" time="0.265" /></testsuite></testsuites>