<?xml version="1.0" encoding="utf-8"?><testsuites name="pytest tests"><testsuite name="pytest" errors="0" failures="0" skipped="0" tests="4" time="9.352" timestamp="2026-06-26T16:49:23.890689+00:00" hostname="agent-env-2c85830c-7d39-4b1b-a189-707558003bc2"><testcase classname="backend.tests.test_password_reset_and_seed" name="test_force_seed_preserves_real_customer" time="2.757" /><testcase classname="backend.tests.test_password_reset_and_seed" name="test_forgot_password_existing_user_logs_sent" time="3.384" /><testcase classname="backend.tests.test_password_reset_and_seed" name="test_forgot_password_ghost_user_logs_skipped" time="1.221" /><testcase classname="backend.tests.test_password_reset_and_seed" name="test_admin_generate_reset_link_and_reset_password" time="1.909" /></testsuite></testsuites>