<?xml version="1.0" encoding="utf-8"?><testsuites name="pytest tests"><testsuite name="pytest" errors="0" failures="0" skipped="1" tests="24" time="11.121" timestamp="2026-06-29T12:21:02.910987+00:00" hostname="agent-env-2c85830c-7d39-4b1b-a189-707558003bc2"><testcase classname="tests.test_iter4_features" name="test_search_past_date_returns_empty" time="0.158" /><testcase classname="tests.test_iter4_features" name="test_search_tomorrow_returns_future_flights" time="0.452" /><testcase classname="tests.test_iter4_features" name="test_booking_no_concession" time="0.099" /><testcase classname="tests.test_iter4_features" name="test_booking_with_medical_and_armed_concession" time="0.158" /><testcase classname="tests.test_iter4_features" name="test_booking_with_corporate_5pct" time="0.100" /><testcase classname="tests.test_iter4_features" name="test_booking_past_flight_rejected" time="0.427"><skipped type="pytest.skip" message="No past flight exists in seed; cannot reproduce 400 'already departed' without DB manipulation">/app/backend/tests/test_iter4_features.py:192: No past flight exists in seed; cannot reproduce 400 'already departed' without DB manipulation</skipped></testcase><testcase classname="tests.test_iter4_features" name="test_reviews_submit_and_list" time="2.104" /><testcase classname="tests.test_iter4_features" name="test_admin_email_logs_review" time="0.101" /><testcase classname="tests.test_iter4_features" name="test_careers_apply_ok" time="1.931" /><testcase classname="tests.test_iter4_features" name="test_careers_apply_resume_too_large" time="0.697" /><testcase classname="tests.test_iter4_features" name="test_admin_career_applications" time="0.098" /><testcase classname="tests.test_iter4_features" name="test_admin_charts_traffic" time="0.105" /><testcase classname="tests.test_iter4_features" name="test_track_event_bumps_traffic" time="0.322" /><testcase classname="tests.test_iter4_features" name="test_admin_charts_user_growth_monotonic" time="0.099" /><testcase classname="tests.test_iter4_features" name="test_admin_charts_seasons" time="0.104" /><testcase classname="tests.test_iter4_features" name="test_admin_charts_festivals" time="0.107" /><testcase classname="tests.test_iter4_features" name="test_admin_financial_records_list_20" time="0.106" /><testcase classname="tests.test_iter4_features" name="test_admin_exports_financials_csv_xlsx" time="0.542" /><testcase classname="tests.test_iter4_features" name="test_admin_financial_records_import_upsert" time="0.219" /><testcase classname="tests.test_iter4_features" name="test_pilot_flights_with_crew_roster" time="0.452" /><testcase classname="tests.test_iter4_features" name="test_login_email_and_mobile[admin-creds0-9000000001]" time="0.651" /><testcase classname="tests.test_iter4_features" name="test_login_email_and_mobile[pilot-creds1-9000000002]" time="0.650" /><testcase classname="tests.test_iter4_features" name="test_login_email_and_mobile[crew-creds2-9000000003]" time="0.654" /><testcase classname="tests.test_iter4_features" name="test_login_email_and_mobile[customer-creds3-9000000004]" time="0.681" /></testsuite></testsuites>